This is pdfTeX, Version 3.141592653-2.6-1.40.28 (TeX Live 2025) (preloaded format=pdflatex 2025.12.10)  3 JUL 2026 11:30
entering extended mode
 restricted \write18 enabled.
 file:line:error style messages enabled.
 %&-line parsing enabled.
**bibliography_66_alphabetical.tex
(./bibliography_66_alphabetical.tex
LaTeX2e <2025-11-01>
L3 programming layer <2025-11-14>

./bibliography_66_alphabetical.tex:4: LaTeX Error: Environment thebibliography 
undefined.

See the LaTeX manual or LaTeX Companion for explanation.
Type  H <return>  for immediate help.
 ...                                              
                                                  
l.4 \begin{thebibliography}
                           {99}
? 
./bibliography_66_alphabetical.tex:4: Emergency stop.
 ...                                              
                                                  
l.4 \begin{thebibliography}
                           {99}
Your command was ignored.
Type  I <command> <return>  to replace it with another command,
or  <return>  to continue without it.

 
Here is how much of TeX's memory you used:
 15 strings out of 467538
 574 string characters out of 5419545
 433730 words of memory out of 5000000
 29018 multiletter control sequences out of 15000+600000
 627721 words of font info for 40 fonts, out of 8000000 for 9000
 1141 hyphenation exceptions out of 8191
 12i,0n,13p,155b,16s stack positions out of 10000i,1000n,20000p,200000b,200000s
./bibliography_66_alphabetical.tex:4:  ==> Fatal error occurred, no output PDF 
file produced!
