This is pdfTeX, Version 3.141592653-2.6-1.40.28 (TeX Live 2025) (preloaded format=pdflatex 2025.12.10)  3 JUL 2026 13:30
entering extended mode
 restricted \write18 enabled.
 file:line:error style messages enabled.
 %&-line parsing enabled.
**typeD_decoupling-arxiv-suggested.tex
(./typeD_decoupling-arxiv-suggested.tex
LaTeX2e <2025-11-01>
L3 programming layer <2025-11-14>
(/usr/local/texlive/2025/texmf-dist/tex/latex/base/article.cls
Document Class: article 2025/01/22 v1.4n Standard LaTeX document class
(/usr/local/texlive/2025/texmf-dist/tex/latex/base/size11.clo
File: size11.clo 2025/01/22 v1.4n Standard LaTeX file (size option)
)
\c@part=\count275
\c@section=\count276
\c@subsection=\count277
\c@subsubsection=\count278
\c@paragraph=\count279
\c@subparagraph=\count280
\c@figure=\count281
\c@table=\count282
\abovecaptionskip=\skip49
\belowcaptionskip=\skip50
\bibindent=\dimen148
)
(/usr/local/texlive/2025/texmf-dist/tex/latex/amsmath/amsmath.sty
Package: amsmath 2025/07/09 v2.17z AMS math features
\@mathmargin=\skip51

For additional information on amsmath, use the `?' option.
(/usr/local/texlive/2025/texmf-dist/tex/latex/amsmath/amstext.sty
Package: amstext 2024/11/17 v2.01 AMS text

(/usr/local/texlive/2025/texmf-dist/tex/latex/amsmath/amsgen.sty
File: amsgen.sty 1999/11/30 v2.0 generic functions
\@emptytoks=\toks17
\ex@=\dimen149
))
(/usr/local/texlive/2025/texmf-dist/tex/latex/amsmath/amsbsy.sty
Package: amsbsy 1999/11/29 v1.2d Bold Symbols
\pmbraise@=\dimen150
)
(/usr/local/texlive/2025/texmf-dist/tex/latex/amsmath/amsopn.sty
Package: amsopn 2022/04/08 v2.04 operator names
)
\inf@bad=\count283
LaTeX Info: Redefining \frac on input line 233.
\uproot@=\count284
\leftroot@=\count285
LaTeX Info: Redefining \overline on input line 398.
LaTeX Info: Redefining \colon on input line 409.
\classnum@=\count286
\DOTSCASE@=\count287
LaTeX Info: Redefining \ldots on input line 495.
LaTeX Info: Redefining \dots on input line 498.
LaTeX Info: Redefining \cdots on input line 619.
\Mathstrutbox@=\box53
\strutbox@=\box54
LaTeX Info: Redefining \big on input line 721.
LaTeX Info: Redefining \Big on input line 722.
LaTeX Info: Redefining \bigg on input line 723.
LaTeX Info: Redefining \Bigg on input line 724.
\big@size=\dimen151
LaTeX Font Info:    Redeclaring font encoding OML on input line 742.
LaTeX Font Info:    Redeclaring font encoding OMS on input line 743.
\macc@depth=\count288
LaTeX Info: Redefining \bmod on input line 904.
LaTeX Info: Redefining \pmod on input line 909.
LaTeX Info: Redefining \smash on input line 939.
LaTeX Info: Redefining \relbar on input line 969.
LaTeX Info: Redefining \Relbar on input line 970.
\c@MaxMatrixCols=\count289
\dotsspace@=\muskip17
\c@parentequation=\count290
\dspbrk@lvl=\count291
\tag@help=\toks18
\row@=\count292
\column@=\count293
\maxfields@=\count294
\andhelp@=\toks19
\eqnshift@=\dimen152
\alignsep@=\dimen153
\tagshift@=\dimen154
\tagwidth@=\dimen155
\totwidth@=\dimen156
\lineht@=\dimen157
\@envbody=\toks20
\multlinegap=\skip52
\multlinetaggap=\skip53
\mathdisplay@stack=\toks21
LaTeX Info: Redefining \[ on input line 2950.
LaTeX Info: Redefining \] on input line 2951.
)
(/usr/local/texlive/2025/texmf-dist/tex/latex/amsfonts/amssymb.sty
Package: amssymb 2013/01/14 v3.01 AMS font symbols

(/usr/local/texlive/2025/texmf-dist/tex/latex/amsfonts/amsfonts.sty
Package: amsfonts 2013/01/14 v3.01 Basic AMSFonts support
\symAMSa=\mathgroup4
\symAMSb=\mathgroup5
LaTeX Font Info:    Redeclaring math symbol \hbar on input line 98.
LaTeX Font Info:    Overwriting math alphabet `\mathfrak' in version `bold'
(Font)                  U/euf/m/n --> U/euf/b/n on input line 106.
))
(/usr/local/texlive/2025/texmf-dist/tex/latex/amscls/amsthm.sty
Package: amsthm 2020/05/29 v2.20.6
\thm@style=\toks22
\thm@bodyfont=\toks23
\thm@headfont=\toks24
\thm@notefont=\toks25
\thm@headpunct=\toks26
\thm@preskip=\skip54
\thm@postskip=\skip55
\thm@headsep=\skip56
\dth@everypar=\toks27
)
(/usr/local/texlive/2025/texmf-dist/tex/latex/mathtools/mathtools.sty
Package: mathtools 2024/10/04 v1.31 mathematical typesetting tools

(/usr/local/texlive/2025/texmf-dist/tex/latex/graphics/keyval.sty
Package: keyval 2022/05/29 v1.15 key=value parser (DPC)
\KV@toks@=\toks28
)
(/usr/local/texlive/2025/texmf-dist/tex/latex/tools/calc.sty
Package: calc 2025/03/01 v4.3b Infix arithmetic (KKT,FJ)
\calc@Acount=\count295
\calc@Bcount=\count296
\calc@Adimen=\dimen158
\calc@Bdimen=\dimen159
\calc@Askip=\skip57
\calc@Bskip=\skip58
LaTeX Info: Redefining \setlength on input line 86.
LaTeX Info: Redefining \addtolength on input line 87.
\calc@Ccount=\count297
\calc@Cskip=\skip59
)
(/usr/local/texlive/2025/texmf-dist/tex/latex/mathtools/mhsetup.sty
Package: mhsetup 2021/03/18 v1.4 programming setup (MH)
)
\g_MT_multlinerow_int=\count298
\l_MT_multwidth_dim=\dimen160
\origjot=\skip60
\l_MT_shortvdotswithinadjustabove_dim=\dimen161
\l_MT_shortvdotswithinadjustbelow_dim=\dimen162
\l_MT_above_intertext_sep=\dimen163
\l_MT_below_intertext_sep=\dimen164
\l_MT_above_shortintertext_sep=\dimen165
\l_MT_below_shortintertext_sep=\dimen166
\xmathstrut@box=\box55
\xmathstrut@dim=\dimen167
)
(/usr/local/texlive/2025/texmf-dist/tex/latex/geometry/geometry.sty
Package: geometry 2020/01/02 v5.9 Page Geometry

(/usr/local/texlive/2025/texmf-dist/tex/generic/iftex/ifvtex.sty
Package: ifvtex 2019/10/25 v1.7 ifvtex legacy package. Use iftex instead.

(/usr/local/texlive/2025/texmf-dist/tex/generic/iftex/iftex.sty
Package: iftex 2024/12/12 v1.0g TeX engine tests
))
\Gm@cnth=\count299
\Gm@cntv=\count300
\c@Gm@tempcnt=\count301
\Gm@bindingoffset=\dimen168
\Gm@wd@mp=\dimen169
\Gm@odd@mp=\dimen170
\Gm@even@mp=\dimen171
\Gm@layoutwidth=\dimen172
\Gm@layoutheight=\dimen173
\Gm@layouthoffset=\dimen174
\Gm@layoutvoffset=\dimen175
\Gm@dimlist=\toks29
)
(/usr/local/texlive/2025/texmf-dist/tex/latex/graphics/graphicx.sty
Package: graphicx 2024/12/31 v1.2e Enhanced LaTeX Graphics (DPC,SPQR)

(/usr/local/texlive/2025/texmf-dist/tex/latex/graphics/graphics.sty
Package: graphics 2024/08/06 v1.4g Standard LaTeX Graphics (DPC,SPQR)

(/usr/local/texlive/2025/texmf-dist/tex/latex/graphics/trig.sty
Package: trig 2023/12/02 v1.11 sin cos tan (DPC)
)
(/usr/local/texlive/2025/texmf-dist/tex/latex/graphics-cfg/graphics.cfg
File: graphics.cfg 2016/06/04 v1.11 sample graphics configuration
)
Package graphics Info: Driver file: pdftex.def on input line 106.

(/usr/local/texlive/2025/texmf-dist/tex/latex/graphics-def/pdftex.def
File: pdftex.def 2025/09/29 v1.2d Graphics/color driver for pdftex
))
\Gin@req@height=\dimen176
\Gin@req@width=\dimen177
)
(/usr/local/texlive/2025/texmf-dist/tex/latex/hyperref/hyperref.sty
Package: hyperref 2025-07-12 v7.01o Hypertext links for LaTeX

(/usr/local/texlive/2025/texmf-dist/tex/latex/kvsetkeys/kvsetkeys.sty
Package: kvsetkeys 2022-10-05 v1.19 Key value parser (HO)
)
(/usr/local/texlive/2025/texmf-dist/tex/generic/kvdefinekeys/kvdefinekeys.sty
Package: kvdefinekeys 2019-12-19 v1.6 Define keys (HO)
)
(/usr/local/texlive/2025/texmf-dist/tex/generic/pdfescape/pdfescape.sty
Package: pdfescape 2019/12/09 v1.15 Implements pdfTeX's escape features (HO)

(/usr/local/texlive/2025/texmf-dist/tex/generic/ltxcmds/ltxcmds.sty
Package: ltxcmds 2023-12-04 v1.26 LaTeX kernel commands for general use (HO)
)
(/usr/local/texlive/2025/texmf-dist/tex/generic/pdftexcmds/pdftexcmds.sty
Package: pdftexcmds 2020-06-27 v0.33 Utility functions of pdfTeX for LuaTeX (HO
)

(/usr/local/texlive/2025/texmf-dist/tex/generic/infwarerr/infwarerr.sty
Package: infwarerr 2019/12/03 v1.5 Providing info/warning/error messages (HO)
)
Package pdftexcmds Info: \pdf@primitive is available.
Package pdftexcmds Info: \pdf@ifprimitive is available.
Package pdftexcmds Info: \pdfdraftmode found.
))
(/usr/local/texlive/2025/texmf-dist/tex/latex/hycolor/hycolor.sty
Package: hycolor 2020-01-27 v1.10 Color options for hyperref/bookmark (HO)
)
(/usr/local/texlive/2025/texmf-dist/tex/latex/hyperref/nameref.sty
Package: nameref 2025-06-21 v2.57 Cross-referencing by name of section

(/usr/local/texlive/2025/texmf-dist/tex/latex/refcount/refcount.sty
Package: refcount 2019/12/15 v3.6 Data extraction from label references (HO)
)
(/usr/local/texlive/2025/texmf-dist/tex/generic/gettitlestring/gettitlestring.s
ty
Package: gettitlestring 2019/12/15 v1.6 Cleanup title references (HO)
 (/usr/local/texlive/2025/texmf-dist/tex/latex/kvoptions/kvoptions.sty
Package: kvoptions 2022-06-15 v3.15 Key value format for package options (HO)
))
\c@section@level=\count302
)
(/usr/local/texlive/2025/texmf-dist/tex/latex/etoolbox/etoolbox.sty
Package: etoolbox 2025/10/02 v2.5m e-TeX tools for LaTeX (JAW)
\etb@tempcnta=\count303
)
(/usr/local/texlive/2025/texmf-dist/tex/generic/stringenc/stringenc.sty
Package: stringenc 2019/11/29 v1.12 Convert strings between diff. encodings (HO
)
)
\@linkdim=\dimen178
\Hy@linkcounter=\count304
\Hy@pagecounter=\count305

(/usr/local/texlive/2025/texmf-dist/tex/latex/hyperref/pd1enc.def
File: pd1enc.def 2025-07-12 v7.01o Hyperref: PDFDocEncoding definition (HO)
Now handling font encoding PD1 ...
... no UTF-8 mapping file for font encoding PD1
)
(/usr/local/texlive/2025/texmf-dist/tex/generic/intcalc/intcalc.sty
Package: intcalc 2019/12/15 v1.3 Expandable calculations with integers (HO)
)
\Hy@SavedSpaceFactor=\count306

(/usr/local/texlive/2025/texmf-dist/tex/latex/hyperref/puenc.def
File: puenc.def 2025-07-12 v7.01o Hyperref: PDF Unicode definition (HO)
Now handling font encoding PU ...
... no UTF-8 mapping file for font encoding PU
)
Package hyperref Info: Hyper figures OFF on input line 4195.
Package hyperref Info: Link nesting OFF on input line 4200.
Package hyperref Info: Hyper index ON on input line 4203.
Package hyperref Info: Plain pages OFF on input line 4210.
Package hyperref Info: Backreferencing OFF on input line 4215.
Package hyperref Info: Implicit mode ON; LaTeX internals redefined.
Package hyperref Info: Bookmarks ON on input line 4462.
\c@Hy@tempcnt=\count307

(/usr/local/texlive/2025/texmf-dist/tex/latex/url/url.sty
\Urlmuskip=\muskip18
Package: url 2013/09/16  ver 3.4  Verb mode for urls, etc.
)
LaTeX Info: Redefining \url on input line 4801.
\XeTeXLinkMargin=\dimen179

(/usr/local/texlive/2025/texmf-dist/tex/generic/bitset/bitset.sty
Package: bitset 2019/12/09 v1.3 Handle bit-vector datatype (HO)

(/usr/local/texlive/2025/texmf-dist/tex/generic/bigintcalc/bigintcalc.sty
Package: bigintcalc 2019/12/15 v1.5 Expandable calculations on big integers (HO
)
))
\Fld@menulength=\count308
\Field@Width=\dimen180
\Fld@charsize=\dimen181
Package hyperref Info: Hyper figures OFF on input line 6078.
Package hyperref Info: Link nesting OFF on input line 6083.
Package hyperref Info: Hyper index ON on input line 6086.
Package hyperref Info: backreferencing OFF on input line 6093.
Package hyperref Info: Link coloring OFF on input line 6098.
Package hyperref Info: Link coloring with OCG OFF on input line 6103.
Package hyperref Info: PDF/A mode OFF on input line 6108.
\Hy@abspage=\count309
\c@Item=\count310
\c@Hfootnote=\count311
)
Package hyperref Info: Driver (autodetected): hpdftex.

(/usr/local/texlive/2025/texmf-dist/tex/latex/hyperref/hpdftex.def
File: hpdftex.def 2025-07-12 v7.01o Hyperref driver for pdfTeX
\Fld@listcount=\count312
\c@bookmark@seq@number=\count313

(/usr/local/texlive/2025/texmf-dist/tex/latex/rerunfilecheck/rerunfilecheck.sty
Package: rerunfilecheck 2025-06-21 v1.11 Rerun checks for auxiliary files (HO)

(/usr/local/texlive/2025/texmf-dist/tex/generic/uniquecounter/uniquecounter.sty
Package: uniquecounter 2019/12/15 v1.4 Provide unlimited unique counter (HO)
)
Package uniquecounter Info: New unique counter `rerunfilecheck' on input line 2
84.
)
\Hy@SectionHShift=\skip61
)
\c@theorem=\count314

(/usr/local/texlive/2025/texmf-dist/tex/latex/l3backend/l3backend-pdftex.def
File: l3backend-pdftex.def 2025-10-09 L3 backend support: PDF output (pdfTeX)
\l__color_backend_stack_int=\count315
)
No file typeD_decoupling-arxiv-suggested.aux.
\openout1 = `typeD_decoupling-arxiv-suggested.aux'.

LaTeX Font Info:    Checking defaults for OML/cmm/m/it on input line 35.
LaTeX Font Info:    ... okay on input line 35.
LaTeX Font Info:    Checking defaults for OMS/cmsy/m/n on input line 35.
LaTeX Font Info:    ... okay on input line 35.
LaTeX Font Info:    Checking defaults for OT1/cmr/m/n on input line 35.
LaTeX Font Info:    ... okay on input line 35.
LaTeX Font Info:    Checking defaults for T1/cmr/m/n on input line 35.
LaTeX Font Info:    ... okay on input line 35.
LaTeX Font Info:    Checking defaults for TS1/cmr/m/n on input line 35.
LaTeX Font Info:    ... okay on input line 35.
LaTeX Font Info:    Checking defaults for OMX/cmex/m/n on input line 35.
LaTeX Font Info:    ... okay on input line 35.
LaTeX Font Info:    Checking defaults for U/cmr/m/n on input line 35.
LaTeX Font Info:    ... okay on input line 35.
LaTeX Font Info:    Checking defaults for PD1/pdf/m/n on input line 35.
LaTeX Font Info:    ... okay on input line 35.
LaTeX Font Info:    Checking defaults for PU/pdf/m/n on input line 35.
LaTeX Font Info:    ... okay on input line 35.
*geometry* driver: auto-detecting
*geometry* detected driver: pdftex
*geometry* verbose mode - [ preamble ] result:
* driver: pdftex
* paper: <default>
* layout: <same size as paper>
* layoutoffset:(h,v)=(0.0pt,0.0pt)
* modes: 
* h-part:(L,W,R)=(72.26999pt, 469.75502pt, 72.26999pt)
* v-part:(T,H,B)=(72.26999pt, 650.43001pt, 72.26999pt)
* \paperwidth=614.295pt
* \paperheight=794.96999pt
* \textwidth=469.75502pt
* \textheight=650.43001pt
* \oddsidemargin=0.0pt
* \evensidemargin=0.0pt
* \topmargin=-37.0pt
* \headheight=12.0pt
* \headsep=25.0pt
* \topskip=11.0pt
* \footskip=30.0pt
* \marginparwidth=59.0pt
* \marginparsep=10.0pt
* \columnsep=10.0pt
* \skip\footins=10.0pt plus 4.0pt minus 2.0pt
* \hoffset=0.0pt
* \voffset=0.0pt
* \mag=1000
* \@twocolumnfalse
* \@twosidefalse
* \@mparswitchfalse
* \@reversemarginfalse
* (1in=72.27pt=25.4mm, 1cm=28.453pt)

(/usr/local/texlive/2025/texmf-dist/tex/context/base/mkii/supp-pdf.mkii
[Loading MPS to PDF converter (version 2006.09.02).]
\scratchcounter=\count316
\scratchdimen=\dimen182
\scratchbox=\box56
\nofMPsegments=\count317
\nofMParguments=\count318
\everyMPshowfont=\toks30
\MPscratchCnt=\count319
\MPscratchDim=\dimen183
\MPnumerator=\count320
\makeMPintoPDFobject=\count321
\everyMPtoPDFconversion=\toks31
) (/usr/local/texlive/2025/texmf-dist/tex/latex/epstopdf-pkg/epstopdf-base.sty
Package: epstopdf-base 2020-01-24 v2.11 Base part for package epstopdf
Package epstopdf-base Info: Redefining graphics rule for `.eps' on input line 4
85.

(/usr/local/texlive/2025/texmf-dist/tex/latex/latexconfig/epstopdf-sys.cfg
File: epstopdf-sys.cfg 2010/07/13 v1.3 Configuration of (r)epstopdf for TeX Liv
e
))
Package hyperref Info: Link coloring OFF on input line 35.
\@outlinefile=\write3
\openout3 = `typeD_decoupling-arxiv-suggested.out'.

LaTeX Font Info:    Trying to load font information for U+msa on input line 37.


(/usr/local/texlive/2025/texmf-dist/tex/latex/amsfonts/umsa.fd
File: umsa.fd 2013/01/14 v3.01 AMS symbols A
)
LaTeX Font Info:    Trying to load font information for U+msb on input line 37.


(/usr/local/texlive/2025/texmf-dist/tex/latex/amsfonts/umsb.fd
File: umsb.fd 2013/01/14 v3.01 AMS symbols B
)
LaTeX Font Info:    Trying to load font information for U+euf on input line 39.


(/usr/local/texlive/2025/texmf-dist/tex/latex/amsfonts/ueuf.fd
File: ueuf.fd 2013/01/14 v3.01 Euler Fraktur
)

LaTeX Warning: Reference `thm:ewmain' on page 1 undefined on input line 44.

No file typeD_decoupling-arxiv-suggested.toc.
\tf@toc=\write4
\openout4 = `typeD_decoupling-arxiv-suggested.toc'.


LaTeX Warning: Citation `Spohn14' on page 1 undefined on input line 58.


LaTeX Warning: Citation `FSS' on page 1 undefined on input line 58.


LaTeX Warning: Citation `PSSS' on page 1 undefined on input line 58.


LaTeX Warning: Citation `SpohnStoltz' on page 1 undefined on input line 58.


LaTeX Warning: Citation `PSS' on page 1 undefined on input line 58.


LaTeX Warning: Citation `MendlSpohn' on page 1 undefined on input line 58.


LaTeX Warning: Citation `vanBeijeren' on page 1 undefined on input line 58.


LaTeX Warning: Citation `DDSMS' on page 1 undefined on input line 58.


LaTeX Warning: Citation `SpohnReview' on page 1 undefined on input line 58.


LaTeX Warning: Citation `FunakiHoshino' on page 1 undefined on input line 58.


LaTeX Warning: Citation `KupiainenMarcozzi' on page 1 undefined on input line 5
8.


LaTeX Warning: Citation `ButelmannMF' on page 1 undefined on input line 58.


LaTeX Warning: Citation `CdGHSU' on page 1 undefined on input line 58.


LaTeX Warning: Citation `NejjarMixing' on page 1 undefined on input line 58.


LaTeX Warning: Citation `FerrariNejjar' on page 1 undefined on input line 58.


LaTeX Warning: Citation `NejjarHard' on page 1 undefined on input line 58.


LaTeX Warning: Citation `ACH' on page 1 undefined on input line 58.


LaTeX Warning: Citation `BalazsSeppalainen' on page 1 undefined on input line 5
8.


LaTeX Warning: Citation `FerrariMartin' on page 1 undefined on input line 58.


LaTeX Warning: Citation `ANP' on page 1 undefined on input line 58.


LaTeX Warning: Citation `BorodinWheeler' on page 1 undefined on input line 58.


LaTeX Warning: Citation `AggarwalBorodin' on page 1 undefined on input line 58.



LaTeX Warning: Citation `FerrariKipnis' on page 1 undefined on input line 58.


LaTeX Warning: Citation `CasiniGR' on page 1 undefined on input line 58.


LaTeX Warning: Citation `FKZ' on page 1 undefined on input line 58.


LaTeX Warning: Citation `CGMO' on page 1 undefined on input line 58.


LaTeX Warning: Citation `KuanZhou' on page 1 undefined on input line 58.


LaTeX Warning: Citation `GroeneveltWagenaar' on page 1 undefined on input line 
58.


LaTeX Warning: Citation `Wagenaar' on page 1 undefined on input line 58.


LaTeX Warning: Citation `AyalaZimmer' on page 1 undefined on input line 58.


LaTeX Warning: Citation `DaCunhaSasada' on page 1 undefined on input line 58.


LaTeX Warning: Citation `CCGO' on page 1 undefined on input line 58.


LaTeX Warning: Citation `CasiniFG' on page 1 undefined on input line 58.


LaTeX Warning: Citation `dNBD' on page 1 undefined on input line 58.


LaTeX Warning: Citation `Doyon' on page 1 undefined on input line 58.


LaTeX Warning: Citation `DPSY' on page 1 undefined on input line 58.


LaTeX Warning: Citation `DEHP' on page 1 undefined on input line 58.


LaTeX Warning: Citation `CorteelWilliams' on page 1 undefined on input line 58.



LaTeX Warning: Citation `CdGW' on page 1 undefined on input line 58.


LaTeX Warning: Citation `KMO' on page 1 undefined on input line 58.


LaTeX Warning: Citation `Martin' on page 1 undefined on input line 58.


LaTeX Warning: Citation `RDKKS' on page 1 undefined on input line 58.


LaTeX Warning: Citation `SKP' on page 1 undefined on input line 58.


LaTeX Warning: Citation `WCS' on page 1 undefined on input line 58.

[1

{/usr/local/texlive/2025/texmf-var/fonts/map/pdftex/updmap/pdftex.map}]

LaTeX Warning: Citation `KLLPZ' on page 2 undefined on input line 68.


LaTeX Warning: Citation `RSL' on page 2 undefined on input line 69.


LaTeX Warning: Citation `BEPS' on page 2 undefined on input line 70.


LaTeX Warning: Citation `REU' on page 2 undefined on input line 70.


LaTeX Warning: Citation `KLLPZ' on page 2 undefined on input line 76.


LaTeX Warning: Citation `SchutzDual' on page 2 undefined on input line 76.


LaTeX Warning: Citation `REU' on page 2 undefined on input line 78.


LaTeX Warning: Reference `thm:dual' on page 2 undefined on input line 82.


LaTeX Warning: Reference `cor:tri' on page 2 undefined on input line 82.


LaTeX Warning: Citation `EW' on page 2 undefined on input line 110.


LaTeX Warning: Citation `KPZ' on page 2 undefined on input line 115.


LaTeX Warning: Reference `thm:ewmain' on page 2 undefined on input line 117.


LaTeX Warning: Reference `thm:closed' on page 2 undefined on input line 117.


LaTeX Warning: Reference `thm:marg' on page 2 undefined on input line 117.


LaTeX Warning: Reference `thm:cov' on page 2 undefined on input line 118.


LaTeX Warning: Reference `sec:ew' on page 2 undefined on input line 118.


LaTeX Warning: Reference `sec:tw' on page 2 undefined on input line 118.


LaTeX Warning: Reference `sec:model' on page 2 undefined on input line 120.


LaTeX Warning: Reference `sec:decouple' on page 2 undefined on input line 121.


LaTeX Warning: Reference `sec:lclt' on page 2 undefined on input line 122.

[2{/usr/local/texlive/2025/texmf-dist/fonts/enc/dvips/cm-super/cm-super-ts1.enc
}]

LaTeX Warning: Citation `GJ' on page 3 undefined on input line 126.


LaTeX Warning: Citation `GP' on page 3 undefined on input line 127.


LaTeX Warning: Citation `GJS' on page 3 undefined on input line 128.


LaTeX Warning: Citation `ACR' on page 3 undefined on input line 130.


LaTeX Warning: Citation `ACR2' on page 3 undefined on input line 130.


LaTeX Warning: Reference `prop:decouple' on page 3 undefined on input line 131.



LaTeX Warning: Reference `sec:kernel' on page 3 undefined on input line 134.


LaTeX Warning: Reference `prop:sym' on page 3 undefined on input line 135.


LaTeX Warning: Citation `BCS' on page 3 undefined on input line 138.


LaTeX Warning: Reference `thm:cov' on page 3 undefined on input line 139.


LaTeX Warning: Reference `thm:marg' on page 3 undefined on input line 140.


LaTeX Warning: Citation `REU' on page 3 undefined on input line 140.


LaTeX Warning: Reference `sec:model' on page 3 undefined on input line 155.


LaTeX Warning: Reference `sec:decouple' on page 3 undefined on input line 156.


LaTeX Warning: Reference `sec:lclt' on page 3 undefined on input line 157.


LaTeX Warning: Reference `sec:kernel' on page 3 undefined on input line 158.


LaTeX Warning: Reference `sec:ew' on page 3 undefined on input line 159.


LaTeX Warning: Reference `sec:cross' on page 3 undefined on input line 160.


LaTeX Warning: Reference `sec:tw' on page 3 undefined on input line 161.


LaTeX Warning: Reference `sec:summary' on page 3 undefined on input line 163.


LaTeX Warning: Reference `sec:phase' on page 3 undefined on input line 164.


LaTeX Warning: Reference `sec:numerics' on page 3 undefined on input line 165.


LaTeX Warning: Reference `sec:disc' on page 3 undefined on input line 166.

[3]

LaTeX Warning: Reference `eq:rates' on page 4 undefined on input line 201.


LaTeX Warning: Citation `REU' on page 4 undefined on input line 203.


LaTeX Warning: Citation `KLLPZ' on page 4 undefined on input line 204.


LaTeX Warning: Reference `eq:rates' on page 4 undefined on input line 205.


LaTeX Warning: Citation `KLLPZ' on page 4 undefined on input line 208.


LaTeX Warning: Citation `REU' on page 4 undefined on input line 208.


LaTeX Warning: Reference `eq:nu' on page 4 undefined on input line 226.


LaTeX Warning: Reference `eq:rates' on page 4 undefined on input line 231.

[4]

LaTeX Warning: Citation `REU' on page 5 undefined on input line 236.


LaTeX Warning: Reference `eq:d1' on page 5 undefined on input line 266.


LaTeX Warning: Citation `REU' on page 5 undefined on input line 281.


LaTeX Warning: Citation `REU' on page 5 undefined on input line 282.


LaTeX Warning: Reference `eq:Dreu' on page 5 undefined on input line 283.


LaTeX Warning: Reference `eq:rates' on page 5 undefined on input line 284.


LaTeX Warning: Citation `REU' on page 5 undefined on input line 287.


LaTeX Warning: Reference `eq:Dreu' on page 5 undefined on input line 288.


LaTeX Warning: Citation `REU' on page 5 undefined on input line 290.


LaTeX Warning: Citation `REU' on page 5 undefined on input line 291.


LaTeX Warning: Citation `Groenevelt' on page 5 undefined on input line 292.


LaTeX Warning: Citation `CGRS' on page 5 undefined on input line 292.


LaTeX Warning: Citation `KLLPZ' on page 5 undefined on input line 296.


LaTeX Warning: Citation `SchutzDual' on page 5 undefined on input line 297.


LaTeX Warning: Citation `BCS' on page 5 undefined on input line 297.

[5]

LaTeX Warning: Reference `eq:Dtri' on page 6 undefined on input line 310.


LaTeX Warning: Reference `eq:Dtri' on page 6 undefined on input line 311.


LaTeX Warning: Reference `sec:tw' on page 6 undefined on input line 311.


LaTeX Warning: Reference `eq:Dreu' on page 6 undefined on input line 314.


LaTeX Warning: Reference `eq:Dtri' on page 6 undefined on input line 319.


LaTeX Warning: Citation `ACR' on page 6 undefined on input line 324.


LaTeX Warning: Reference `sec:ew' on page 6 undefined on input line 326.


LaTeX Warning: Reference `prop:orth' on page 6 undefined on input line 327.


LaTeX Warning: Citation `ACR' on page 6 undefined on input line 331.


LaTeX Warning: Reference `sec:ew' on page 6 undefined on input line 351.


LaTeX Warning: Reference `eq:Dreu' on page 6 undefined on input line 360.


LaTeX Warning: Citation `CFG20' on page 6 undefined on input line 367.


LaTeX Warning: Citation `REU' on page 6 undefined on input line 367.


LaTeX Warning: Citation `CFG20' on page 6 undefined on input line 378.


LaTeX Warning: Citation `REU' on page 6 undefined on input line 378.


LaTeX Warning: Reference `lem:acr' on page 6 undefined on input line 380.

[6]

LaTeX Warning: Reference `prop:orth' on page 7 undefined on input line 384.


LaTeX Warning: Reference `eq:Dreu' on page 7 undefined on input line 386.


LaTeX Warning: Citation `CFG20' on page 7 undefined on input line 392.


LaTeX Warning: Reference `cor:tri' on page 7 undefined on input line 395.


LaTeX Warning: Reference `lem:acr' on page 7 undefined on input line 398.


LaTeX Warning: Citation `ACR' on page 7 undefined on input line 400.


LaTeX Warning: Citation `ACR2' on page 7 undefined on input line 400.


LaTeX Warning: Reference `sec:ew' on page 7 undefined on input line 402.


LaTeX Warning: Reference `prop:decouple' on page 7 undefined on input line 410.



LaTeX Warning: Reference `prop:cross' on page 7 undefined on input line 412.


LaTeX Warning: Reference `eq:rates' on page 7 undefined on input line 423.


LaTeX Warning: Reference `eq:jdecouple' on page 7 undefined on input line 434.

[7]

LaTeX Warning: Reference `eq:rates' on page 8 undefined on input line 442.


LaTeX Warning: Citation `REU' on page 8 undefined on input line 453.


LaTeX Warning: Citation `KLLPZ' on page 8 undefined on input line 454.


LaTeX Warning: Reference `eq:jdecouple' on page 8 undefined on input line 470.


LaTeX Warning: Reference `eq:rates' on page 8 undefined on input line 471.


LaTeX Warning: Citation `REU' on page 8 undefined on input line 473.


LaTeX Warning: Reference `eq:jdecouple' on page 8 undefined on input line 475.


LaTeX Warning: Reference `eq:jdecouple' on page 8 undefined on input line 481.


LaTeX Warning: Reference `lem:db' on page 8 undefined on input line 499.


LaTeX Warning: Reference `prop:decouple' on page 8 undefined on input line 506.



LaTeX Warning: Reference `prop:cross' on page 8 undefined on input line 508.


LaTeX Warning: Reference `prop:cross' on page 8 undefined on input line 514.


LaTeX Warning: Reference `sec:ew' on page 8 undefined on input line 514.

[8]

LaTeX Warning: Reference `eq:tildeR' on page 9 undefined on input line 528.


LaTeX Warning: Citation `LawlerLimic' on page 9 undefined on input line 529.


LaTeX Warning: Reference `lem:Rlclt' on page 9 undefined on input line 540.


LaTeX Warning: Reference `lem:occ' on page 9 undefined on input line 541.


LaTeX Warning: Reference `sec:cross' on page 9 undefined on input line 541.


LaTeX Warning: Reference `sec:tw' on page 9 undefined on input line 544.


LaTeX Warning: Reference `eq:tildeR' on page 9 undefined on input line 548.


LaTeX Warning: Citation `CKS' on page 9 undefined on input line 561.


LaTeX Warning: Reference `eq:tildeR' on page 9 undefined on input line 562.


LaTeX Warning: Reference `sec:kernel' on page 9 undefined on input line 569.

[9]

LaTeX Warning: Reference `eq:Rbound' on page 10 undefined on input line 583.


LaTeX Warning: Reference `eq:Roff' on page 10 undefined on input line 584.


LaTeX Warning: Reference `eq:Rzero' on page 10 undefined on input line 586.


LaTeX Warning: Reference `lem:free' on page 10 undefined on input line 593.


LaTeX Warning: Reference `eq:tildeR' on page 10 undefined on input line 593.


LaTeX Warning: Reference `eq:killdom' on page 10 undefined on input line 613.


LaTeX Warning: Reference `eq:killdom' on page 10 undefined on input line 620.

[10]

LaTeX Warning: Reference `eq:Rbound' on page 11 undefined on input line 656.


LaTeX Warning: Reference `eq:Roff' on page 11 undefined on input line 657.


LaTeX Warning: Reference `eq:Rbound' on page 11 undefined on input line 657.


LaTeX Warning: Reference `eq:Rzero' on page 11 undefined on input line 659.


LaTeX Warning: Reference `eq:Rbound' on page 11 undefined on input line 659.


LaTeX Warning: Reference `eq:Rbound' on page 11 undefined on input line 660.


LaTeX Warning: Reference `lem:KR' on page 11 undefined on input line 675.


LaTeX Warning: Citation `Petrov' on page 11 undefined on input line 681.


LaTeX Warning: Reference `lem:KR' on page 11 undefined on input line 722.

[11]

LaTeX Warning: Reference `sec:tw' on page 12 undefined on input line 731.


LaTeX Warning: Reference `eq:tildeR' on page 12 undefined on input line 732.


LaTeX Warning: Citation `BGT' on page 12 undefined on input line 739.


LaTeX Warning: Citation `Feller2' on page 12 undefined on input line 739.


LaTeX Warning: Reference `eq:Gid' on page 12 undefined on input line 770.


LaTeX Warning: Reference `eq:Gid' on page 12 undefined on input line 785.


LaTeX Warning: Reference `thm:karamata' on page 12 undefined on input line 788.



LaTeX Warning: Reference `lem:acr' on page 12 undefined on input line 795.

[12]

LaTeX Warning: Citation `Schutz' on page 13 undefined on input line 800.


LaTeX Warning: Citation `TW08' on page 13 undefined on input line 800.


LaTeX Warning: Citation `Schutz' on page 13 undefined on input line 805.


LaTeX Warning: Citation `TW08' on page 13 undefined on input line 805.


LaTeX Warning: Reference `lem:free' on page 13 undefined on input line 819.


LaTeX Warning: Reference `eq:schutz2' on page 13 undefined on input line 820.


LaTeX Warning: Reference `sec:ew' on page 13 undefined on input line 825.


LaTeX Warning: Reference `sec:lclt' on page 13 undefined on input line 829.


LaTeX Warning: Reference `lem:Rlclt' on page 13 undefined on input line 837.


LaTeX Warning: Reference `lem:Slclt' on page 13 undefined on input line 837.


LaTeX Warning: Reference `lem:Slclt' on page 13 undefined on input line 848.


LaTeX Warning: Reference `lem:Rlclt' on page 13 undefined on input line 850.


LaTeX Warning: Reference `eq:kernel' on page 13 undefined on input line 853.


LaTeX Warning: Reference `prop:sym' on page 13 undefined on input line 860.


LaTeX Warning: Reference `sec:cross' on page 13 undefined on input line 862.


LaTeX Warning: Citation `KL' on page 13 undefined on input line 868.


LaTeX Warning: Citation `HolleyStroock' on page 13 undefined on input line 868.


[13]

LaTeX Warning: Citation `KL' on page 14 undefined on input line 881.


LaTeX Warning: Reference `eq:field' on page 14 undefined on input line 888.


LaTeX Warning: Citation `KL' on page 14 undefined on input line 900.


Overfull \hbox (1.99794pt too wide) in paragraph at lines 912--915
\OT1/cmr/m/n/10.95 The sec-ond is the mar-tin-gale char-ac-ter-i-sa-tion of the
 Ornstein--Uhlenbeck fluc-tu-a-tion limit. Through-
 []


LaTeX Warning: Citation `KL' on page 14 undefined on input line 916.


LaTeX Warning: Citation `HolleyStroock' on page 14 undefined on input line 916.



Overfull \hbox (30.83412pt too wide) in paragraph at lines 933--937
\OT1/cmr/m/it/10.95 Moreover, if a pair $\OT1/cmr/m/n/10.95 (\OML/cmm/m/it/10.9
5 Z[]; Z[]\OT1/cmr/m/n/10.95 )$ \OT1/cmr/m/it/10.95 sat-is-fies \OT1/cmr/m/n/10
.95 (i)--(ii) \OT1/cmr/m/it/10.95 and has van-ish-ing lim-it-ing cross--bracket
, $\OMS/cmsy/m/n/10.95 h\OML/cmm/m/it/10.95 M[]; M[]\OMS/cmsy/m/n/10.95 i\OT1/c
mr/m/n/10.95 (\OML/cmm/m/it/10.95 '; t\OT1/cmr/m/n/10.95 ) \OMS/cmsy/m/n/10.95 
!
 []

[14]

LaTeX Warning: Reference `thm:mp' on page 15 undefined on input line 939.


LaTeX Warning: Citation `Mitoma' on page 15 undefined on input line 942.


Overfull \hbox (30.02397pt too wide) in paragraph at lines 943--946
[]\OT1/cmr/bx/n/10.95 Theorem 6.3 \OT1/cmr/m/n/10.95 (Mit-oma; [[]])\OT1/cmr/bx
/n/10.95 . \OT1/cmr/m/it/10.95 A se-quence $\OT1/cmr/m/n/10.95 (\OML/cmm/m/it/1
0.95 Z[]\OT1/cmr/m/n/10.95 )$ \OT1/cmr/m/it/10.95 of c^^Radl^^Rag $\OMS/cmsy/m/
n/10.95 S[]\OT1/cmr/m/n/10.95 (\U/msb/m/n/10.95 R\OT1/cmr/m/n/10.95 )$\OT1/cmr/
m/it/10.95 --valued pro-cesses is tight in $\OML/cmm/m/it/10.95 D\OT1/cmr/m/n/1
0.95 ([0\OML/cmm/m/it/10.95 ; T\OT1/cmr/m/n/10.95 ]; \OMS/cmsy/m/n/10.95 S[]\OT
1/cmr/m/n/10.95 (\U/msb/m/n/10.95 R\OT1/cmr/m/n/10.95 ))$
 []


LaTeX Warning: Citation `Aldous' on page 15 undefined on input line 948.


LaTeX Warning: Reference `thm:mitoma' on page 15 undefined on input line 959.


LaTeX Warning: Reference `prop:aldous' on page 15 undefined on input line 960.


LaTeX Warning: Reference `prop:drift' on page 15 undefined on input line 972.


LaTeX Warning: Reference `lem:dynkin' on page 15 undefined on input line 981.


LaTeX Warning: Reference `thm:mp' on page 15 undefined on input line 988.


LaTeX Warning: Reference `thm:mitoma' on page 15 undefined on input line 996.


LaTeX Warning: Reference `prop:aldous' on page 15 undefined on input line 996.


LaTeX Warning: Reference `thm:mp' on page 15 undefined on input line 997.


LaTeX Warning: Reference `lem:gauss' on page 15 undefined on input line 999.


LaTeX Warning: Reference `prop:conc' on page 15 undefined on input line 1000.


LaTeX Warning: Reference `prop:drift' on page 15 undefined on input line 1000.

[15]

LaTeX Warning: Reference `prop:decouple' on page 16 undefined on input line 101
1.


LaTeX Warning: Citation `GJ' on page 16 undefined on input line 1014.


LaTeX Warning: Reference `thm:mp' on page 16 undefined on input line 1018.


LaTeX Warning: Citation `ACR2' on page 16 undefined on input line 1019.


LaTeX Warning: Reference `eq:Vdef' on page 16 undefined on input line 1034.


LaTeX Warning: Reference `prop:cross' on page 16 undefined on input line 1034.


LaTeX Warning: Reference `eq:Dfac' on page 16 undefined on input line 1040.


LaTeX Warning: Reference `prop:cross' on page 16 undefined on input line 1043.


LaTeX Warning: Reference `eq:dbrel' on page 16 undefined on input line 1051.


LaTeX Warning: Reference `prop:cross' on page 16 undefined on input line 1068.


LaTeX Warning: Reference `prop:orth' on page 16 undefined on input line 1073.


LaTeX Warning: Reference `eq:omegadef' on page 16 undefined on input line 1078.



LaTeX Warning: Reference `eq:dbrel' on page 16 undefined on input line 1080.

[16]

LaTeX Warning: Reference `eq:Dreu' on page 17 undefined on input line 1088.


LaTeX Warning: Reference `eq:Vorthid' on page 17 undefined on input line 1100.


LaTeX Warning: Reference `lem:eps' on page 17 undefined on input line 1113.


LaTeX Warning: Reference `prop:orth' on page 17 undefined on input line 1127.


LaTeX Warning: Reference `prop:orth' on page 17 undefined on input line 1132.


LaTeX Warning: Reference `eq:omegadef' on page 17 undefined on input line 1144.


[17]

LaTeX Warning: Reference `eq:orthexact' on page 18 undefined on input line 1161
.


LaTeX Warning: Reference `lem:orth' on page 18 undefined on input line 1162.


LaTeX Warning: Reference `lem:orth' on page 18 undefined on input line 1167.


LaTeX Warning: Reference `lem:eps' on page 18 undefined on input line 1181.


Overfull \hbox (1.65787pt too wide) in paragraph at lines 1179--1183
[]\OT1/cmr/bx/n/10.95 Proposition 6.11 \OT1/cmr/m/n/10.95 ($\OML/cmm/m/it/10.95
 L[]$ \OT1/cmr/m/n/10.95 con-cen-tra-tion of the cross bracket)\OT1/cmr/bx/n/10
.95 . $\U/msb/m/n/10.95 E[]\OT1/cmr/m/n/10.95 [\OMS/cmsy/m/n/10.95 h\OML/cmm/m/
it/10.95 M[]; M[]\OMS/cmsy/m/n/10.95 i\OT1/cmr/m/n/10.95 (\OML/cmm/m/it/10.95 '
; t\OT1/cmr/m/n/10.95 )[]] \OMS/cmsy/m/n/10.95 ^^T \OML/cmm/m/it/10.95 C\OT1/cm
r/m/n/10.95 (\OML/cmm/m/it/10.95 '; c\OT1/cmr/m/n/10.95 ) \OML/cmm/m/it/10.95 t
 []N[] \OT1/cmr/m/n/10.95 +
 []


LaTeX Warning: Reference `rem:orthstatus' on page 18 undefined on input line 11
90.


LaTeX Warning: Reference `lem:sector' on page 18 undefined on input line 1192.


LaTeX Warning: Reference `lem:eps' on page 18 undefined on input line 1197.


LaTeX Warning: Reference `lem:acr' on page 18 undefined on input line 1201.


LaTeX Warning: Reference `thm:kernel' on page 18 undefined on input line 1205.


LaTeX Warning: Reference `lem:eps' on page 18 undefined on input line 1210.


LaTeX Warning: Reference `lem:eqvar' on page 18 undefined on input line 1216.


LaTeX Warning: Reference `eq:concstat' on page 18 undefined on input line 1218.



LaTeX Warning: Reference `lem:orth' on page 18 undefined on input line 1224.


LaTeX Warning: Reference `eq:Ctheta' on page 18 undefined on input line 1226.


LaTeX Warning: Citation `ACR2' on page 18 undefined on input line 1228.

[18]

LaTeX Warning: Reference `prop:decouple' on page 19 undefined on input line 123
2.


LaTeX Warning: Reference `prop:decouple' on page 19 undefined on input line 124
1.


LaTeX Warning: Reference `eq:Wgrad' on page 19 undefined on input line 1251.


LaTeX Warning: Reference `prop:decouple' on page 19 undefined on input line 125
9.


LaTeX Warning: Reference `eq:Wgrad' on page 19 undefined on input line 1259.


LaTeX Warning: Reference `prop:sym' on page 19 undefined on input line 1269.


LaTeX Warning: Reference `eq:Wgrad' on page 19 undefined on input line 1282.


LaTeX Warning: Citation `KL' on page 19 undefined on input line 1292.


Overfull \hbox (17.82281pt too wide) in paragraph at lines 1287--1300
$[]$ \OT1/cmr/m/n/10.95 A sum-ma-tion by parts gives $^^@[] = \OML/cmm/m/it/10.
95 N[] [][]\OT1/cmr/m/n/10.95 (\OMS/cmsy/m/n/10.95 r\OML/cmm/m/it/10.95 '[]\OT1
/cmr/m/n/10.95 )([]) \OML/cmm/m/it/10.95 ^^Q[] \OT1/cmr/m/n/10.95 = \OML/cmm/m/
it/10.95 N[] [][] '[]\OT1/cmr/m/n/10.95 ([])(\OML/cmm/m/it/10.95 ^^Q[] \OMS/cms
y/m/n/10.95 ^^@
 []

[19]

LaTeX Warning: Reference `lem:gauss' on page 20 undefined on input line 1315.


LaTeX Warning: Reference `prop:conc' on page 20 undefined on input line 1315.


LaTeX Warning: Reference `thm:ewmain' on page 20 undefined on input line 1317.


LaTeX Warning: Citation `KL' on page 20 undefined on input line 1317.


LaTeX Warning: Reference `thm:ewmain' on page 20 undefined on input line 1321.


LaTeX Warning: Reference `sec:kernel' on page 20 undefined on input line 1326.


LaTeX Warning: Reference `eq:SR' on page 20 undefined on input line 1327.


LaTeX Warning: Reference `prop:twophase' on page 20 undefined on input line 134
4.


LaTeX Warning: Reference `lem:crossbridge' on page 20 undefined on input line 1
346.


LaTeX Warning: Reference `prop:twophase' on page 20 undefined on input line 135
0.


LaTeX Warning: Reference `thm:closed' on page 20 undefined on input line 1351.


LaTeX Warning: Reference `lem:crossbridge' on page 20 undefined on input line 1
352.


LaTeX Warning: Citation `Price' on page 20 undefined on input line 1358.


LaTeX Warning: Citation `Sheppard' on page 20 undefined on input line 1358.

[20]

LaTeX Warning: Reference `thm:cross' on page 21 undefined on input line 1371.


LaTeX Warning: Reference `thm:cross' on page 21 undefined on input line 1379.


LaTeX Warning: Reference `thm:cross' on page 21 undefined on input line 1383.


LaTeX Warning: Reference `lem:price' on page 21 undefined on input line 1384.


Overfull \hbox (5.95529pt too wide) in paragraph at lines 1379--1390
[]\OT1/cmr/m/n/10.95 Each $\OML/cmm/m/it/10.95 G[] \OMS/cmsy/m/n/10.95 ^^X \OML
/cmm/m/it/10.95 N\OT1/cmr/m/n/10.95 (0\OML/cmm/m/it/10.95 ; \OT1/cmr/m/n/10.95 
1)$ (The-o-rem []), so $\U/msb/m/n/10.95 E\OT1/cmr/m/n/10.95 [\OML/cmm/m/it/10.
95 G[]\OT1/cmr/m/n/10.95 ] = 1\OML/cmm/m/it/10.95 =[]$\OT1/cmr/m/n/10.95 , $[](
\OML/cmm/m/it/10.95 G[]\OT1/cmr/m/n/10.95 ) = [] \OMS/cmsy/m/n/10.95 ^^@ []$\OT
1/cmr/m/n/10.95 , and $[](\OML/cmm/m/it/10.95 G[]; G[]\OT1/cmr/m/n/10.95 ) =
 []


LaTeX Warning: Reference `lem:crossbridge' on page 21 undefined on input line 1
393.


LaTeX Warning: Reference `sec:numerics' on page 21 undefined on input line 1395
.


LaTeX Warning: Reference `lem:tridual' on page 21 undefined on input line 1399.



LaTeX Warning: Reference `cor:tri' on page 21 undefined on input line 1415.


LaTeX Warning: Reference `eq:crossbridge' on page 21 undefined on input line 14
18.


LaTeX Warning: Reference `cor:tri' on page 21 undefined on input line 1420.


LaTeX Warning: Reference `eq:crossbridge' on page 21 undefined on input line 14
29.


LaTeX Warning: Reference `eq:crossbridge' on page 21 undefined on input line 14
33.


LaTeX Warning: Reference `prop:twophase' on page 21 undefined on input line 143
5.


LaTeX Warning: Reference `thm:closed' on page 21 undefined on input line 1435.

[21]

LaTeX Warning: Reference `lem:free' on page 22 undefined on input line 1456.


LaTeX Warning: Reference `lem:Rlclt' on page 22 undefined on input line 1457.


LaTeX Warning: Reference `eq:symm' on page 22 undefined on input line 1481.


LaTeX Warning: Reference `lem:free' on page 22 undefined on input line 1484.


LaTeX Warning: Reference `lem:split' on page 22 undefined on input line 1496.


Overfull \hbox (11.35336pt too wide) in paragraph at lines 1494--1500
[]\OT1/cmr/m/n/10.95 ([](4\OML/cmm/m/it/10.95 c\OT1/cmr/m/n/10.95 )\OML/cmm/m/i
t/10.95 ; \OT1/cmr/m/n/10.95 1)$ \OT1/cmr/m/it/10.95 (Lemma []), the lim-it-ing
 law of $\OT1/cmr/m/n/10.95 (\OML/cmm/m/it/10.95 X[]; X[]\OT1/cmr/m/n/10.95 )\O
ML/cmm/m/it/10.95 =[]$ \OT1/cmr/m/it/10.95 is that of $[][] \OML/cmm/m/it/10.95
 ^^X[] \OT1/cmr/m/n/10.95 + [] \OML/cmm/m/it/10.95 ^^X[];  [] ^^X[] \OT1/cmr/m/
n/10.95 +
 []


LaTeX Warning: Reference `lem:rebind' on page 22 undefined on input line 1503.

[22]

LaTeX Warning: Reference `sec:kernel' on page 23 undefined on input line 1514.


LaTeX Warning: Reference `lem:occ' on page 23 undefined on input line 1531.


LaTeX Warning: Citation `EK' on page 23 undefined on input line 1539.


Overfull \hbox (25.45804pt too wide) in paragraph at lines 1537--1542
\OT1/cmr/m/n/10.95 The jumps are bounded by $2$, so the mar-tin-gale func-tiona
l CLT [[], Thm. 7.1.4] gives $([]\OML/cmm/m/it/10.95 ; []\OT1/cmr/m/n/10.95 )(\
OML/cmm/m/it/10.95 T[]^^\\OT1/cmr/m/n/10.95 )\OML/cmm/m/it/10.95 =[] \OMS/cmsy/
m/n/10.95 )
 []


LaTeX Warning: Reference `lem:split' on page 23 undefined on input line 1548.


LaTeX Warning: Reference `lem:rebind' on page 23 undefined on input line 1566.


LaTeX Warning: Reference `prop:decouple' on page 23 undefined on input line 157
6.


LaTeX Warning: Reference `thm:cov' on page 23 undefined on input line 1578.


LaTeX Warning: Citation `REU' on page 23 undefined on input line 1580.


LaTeX Warning: Citation `REU' on page 23 undefined on input line 1581.

[23]

LaTeX Warning: Reference `prop:decouple' on page 24 undefined on input line 158
9.


LaTeX Warning: Citation `BCS' on page 24 undefined on input line 1594.


LaTeX Warning: Reference `thm:marg' on page 24 undefined on input line 1598.


LaTeX Warning: Citation `REU' on page 24 undefined on input line 1598.


Package hyperref Warning: Token not allowed in a PDF string (Unicode):
(hyperref)                removing `math shift' on input line 1603.


Package hyperref Warning: Token not allowed in a PDF string (Unicode):
(hyperref)                removing `math shift' on input line 1603.


LaTeX Warning: Reference `cor:tri' on page 24 undefined on input line 1607.


LaTeX Warning: Reference `prop:decouple' on page 24 undefined on input line 161
4.


LaTeX Warning: Reference `cor:tri' on page 24 undefined on input line 1626.


LaTeX Warning: Reference `eq:tri1' on page 24 undefined on input line 1638.


LaTeX Warning: Reference `eq:tri2' on page 24 undefined on input line 1638.


LaTeX Warning: Reference `prop:decouple' on page 24 undefined on input line 164
1.


LaTeX Warning: Reference `eq:tri1' on page 24 undefined on input line 1645.


LaTeX Warning: Reference `eq:tri2' on page 24 undefined on input line 1645.

[24]
Overfull \hbox (22.4164pt too wide) in paragraph at lines 1663--1672
\OT1/cmr/m/it/10.95 ac-tion is re-moved. In par-tic-u-lar the two cur-rents de-
cou-ple in the $\OML/cmm/m/it/10.95 q$\OT1/cmr/m/it/10.95 --Laplace sense: $[] 
[]\OT1/cmr/m/n/10.95 (\OML/cmm/m/it/10.95 q[]; q[]\OT1/cmr/m/n/10.95 )(\OML/cmm
/m/it/10.95 s\OT1/cmr/m/n/10.95 )[] \OMS/cmsy/m/n/10.95 ^^T
 []


LaTeX Warning: Reference `eq:telescope' on page 25 undefined on input line 1674
.


LaTeX Warning: Reference `eq:tri1' on page 25 undefined on input line 1677.


LaTeX Warning: Reference `eq:qmom' on page 25 undefined on input line 1677.


LaTeX Warning: Reference `eq:tri2' on page 25 undefined on input line 1678.


LaTeX Warning: Reference `eq:qcov' on page 25 undefined on input line 1684.


LaTeX Warning: Reference `sec:numerics' on page 25 undefined on input line 1708
.


LaTeX Warning: Reference `eq:tri1' on page 25 undefined on input line 1712.


LaTeX Warning: Reference `eq:tri2' on page 25 undefined on input line 1712.


LaTeX Warning: Reference `sec:disc' on page 25 undefined on input line 1715.


LaTeX Warning: Reference `thm:closed' on page 25 undefined on input line 1721.


LaTeX Warning: Reference `sec:numerics' on page 25 undefined on input line 1726
.

[25]

LaTeX Warning: Reference `lem:tau' on page 26 undefined on input line 1749.


LaTeX Warning: Reference `eq:Vdef' on page 26 undefined on input line 1764.


LaTeX Warning: Reference `prop:cross' on page 26 undefined on input line 1767.


LaTeX Warning: Reference `thm:cov' on page 26 undefined on input line 1777.


LaTeX Warning: Reference `conj:cov' on page 26 undefined on input line 1780.


LaTeX Warning: Reference `prop:occ' on page 26 undefined on input line 1782.


LaTeX Warning: Reference `sec:ew' on page 26 undefined on input line 1788.


LaTeX Warning: Reference `sec:tw' on page 26 undefined on input line 1788.


LaTeX Warning: Reference `sec:phase' on page 26 undefined on input line 1789.


LaTeX Warning: Reference `sec:numerics' on page 26 undefined on input line 1790
.


LaTeX Warning: Reference `sec:disc' on page 26 undefined on input line 1791.

[26]

LaTeX Warning: Reference `sec:ew' on page 27 undefined on input line 1797.


LaTeX Warning: Reference `sec:tw' on page 27 undefined on input line 1797.


LaTeX Warning: Reference `sec:tw' on page 27 undefined on input line 1808.


LaTeX Warning: Reference `thm:closed' on page 27 undefined on input line 1810.


LaTeX Warning: Reference `sec:ew' on page 27 undefined on input line 1811.


LaTeX Warning: Reference `rem:range' on page 27 undefined on input line 1813.


LaTeX Warning: Reference `prop:decouple' on page 27 undefined on input line 181
8.


LaTeX Warning: Reference `rem:range' on page 27 undefined on input line 1831.


LaTeX Warning: Reference `eq:rates' on page 27 undefined on input line 1851.

[27]

LaTeX Warning: Reference `prop:drift' on page 28 undefined on input line 1860.


LaTeX Warning: Reference `thm:closed' on page 28 undefined on input line 1861.


LaTeX Warning: Reference `fig:rho' on page 28 undefined on input line 1862.

<corr_Xplus_c.png, id=259, 939.51pt x 375.804pt>
File: corr_Xplus_c.png Graphic file (type png)
<use corr_Xplus_c.png>
Package pdftex.def Info: corr_Xplus_c.png  used on input line 1868.
(pdftex.def)             Requested size: 230.18253pt x 92.06992pt.
<rho_c_duality.jpg, id=261, 931.17116pt x 355.23485pt>
File: rho_c_duality.jpg Graphic file (type jpg)
<use rho_c_duality.jpg>
Package pdftex.def Info: rho_c_duality.jpg  used on input line 1869.
(pdftex.def)             Requested size: 230.18253pt x 87.81113pt.

LaTeX Warning: Reference `prop:struve' on page 28 undefined on input line 1875.



LaTeX Warning: Reference `thm:closed' on page 28 undefined on input line 1875.


LaTeX Warning: Reference `prop:struve' on page 28 undefined on input line 1875.



LaTeX Warning: Reference `thm:closed' on page 28 undefined on input line 1875.


LaTeX Warning: Reference `conj:cov' on page 28 undefined on input line 1880.


LaTeX Warning: Reference `fig:cov' on page 28 undefined on input line 1883.


LaTeX Warning: Reference `fig:cov' on page 28 undefined on input line 1885.


LaTeX Warning: Reference `prop:occ' on page 28 undefined on input line 1889.


LaTeX Warning: Reference `prop:occ' on page 28 undefined on input line 1890.


LaTeX Warning: Reference `fig:cov' on page 28 undefined on input line 1892.


LaTeX Warning: Reference `fig:cov' on page 28 undefined on input line 1894.


LaTeX Warning: Reference `conj:cov' on page 28 undefined on input line 1897.

<cov_scaling_typeD.png, id=262, 867.24pt x 332.442pt>
File: cov_scaling_typeD.png Graphic file (type png)
<use cov_scaling_typeD.png>
Package pdftex.def Info: cov_scaling_typeD.png  used on input line 1900.
(pdftex.def)             Requested size: 150.32504pt x 57.62022pt.
<histogram_vs_tw_T33000.png, id=263, 1011.78pt x 361.35pt>
File: histogram_vs_tw_T33000.png Graphic file (type png)
<use histogram_vs_tw_T33000.png>
Package pdftex.def Info: histogram_vs_tw_T33000.png  used on input line 1901.
(pdftex.def)             Requested size: 150.32504pt x 53.68738pt.
<n2_vs_n13_vs_tw_T20000.png, id=264, 578.16pt x 361.35pt>
File: n2_vs_n13_vs_tw_T20000.png Graphic file (type png)
<use n2_vs_n13_vs_tw_T20000.png>
Package pdftex.def Info: n2_vs_n13_vs_tw_T20000.png  used on input line 1902.
(pdftex.def)             Requested size: 150.32504pt x 93.94878pt.

LaTeX Warning: Reference `conj:cov' on page 28 undefined on input line 1906.


LaTeX Warning: Reference `conj:cov' on page 28 undefined on input line 1906.


LaTeX Warning: `h' float specifier changed to `ht'.


LaTeX Warning: Reference `rem:transport' on page 28 undefined on input line 191
4.


LaTeX Warning: Reference `prop:decouple' on page 28 undefined on input line 191
5.


LaTeX Warning: Reference `prop:cross' on page 28 undefined on input line 1916.


LaTeX Warning: Reference `thm:closed' on page 28 undefined on input line 1918.


LaTeX Warning: Reference `thm:cov' on page 28 undefined on input line 1919.


LaTeX Warning: Reference `conj:cov' on page 28 undefined on input line 1921.

[28 <./corr_Xplus_c.png> <./rho_c_duality.jpg>]

LaTeX Warning: Reference `conj:cov' on page 29 undefined on input line 1934.


LaTeX Warning: Reference `thm:ewmain' on page 29 undefined on input line 1938.


LaTeX Warning: Reference `prop:decouple' on page 29 undefined on input line 193
9.


LaTeX Warning: Reference `prop:cross' on page 29 undefined on input line 1940.


LaTeX Warning: Reference `lem:orth' on page 29 undefined on input line 1941.


LaTeX Warning: Reference `thm:kernel' on page 29 undefined on input line 1942.


LaTeX Warning: Reference `prop:sym' on page 29 undefined on input line 1945.


LaTeX Warning: Reference `rem:offline' on page 29 undefined on input line 1945.



LaTeX Warning: Reference `prop:twophase' on page 29 undefined on input line 194
8.


LaTeX Warning: Reference `thm:dual' on page 29 undefined on input line 1950.


LaTeX Warning: Citation `REU' on page 29 undefined on input line 1952.


LaTeX Warning: Reference `thm:dual' on page 29 undefined on input line 1953.


LaTeX Warning: Reference `prop:decouple' on page 29 undefined on input line 195
3.


LaTeX Warning: Reference `prop:orth' on page 29 undefined on input line 1953.


LaTeX Warning: Reference `lem:orth' on page 29 undefined on input line 1954.


LaTeX Warning: Reference `lem:eps' on page 29 undefined on input line 1954.


LaTeX Warning: Reference `lem:tridual' on page 29 undefined on input line 1954.



LaTeX Warning: Reference `lem:crossbridge' on page 29 undefined on input line 1
954.


LaTeX Warning: Reference `sec:numerics' on page 29 undefined on input line 1955
.


LaTeX Warning: Reference `prop:cross' on page 29 undefined on input line 1955.


LaTeX Warning: Reference `prop:drift' on page 29 undefined on input line 1956.


LaTeX Warning: Reference `prop:sym' on page 29 undefined on input line 1956.


LaTeX Warning: Reference `lem:orth' on page 29 undefined on input line 1956.


LaTeX Warning: Reference `lem:eqvar' on page 29 undefined on input line 1956.


LaTeX Warning: Reference `lem:free' on page 29 undefined on input line 1957.


LaTeX Warning: Reference `lem:tau' on page 29 undefined on input line 1957.


LaTeX Warning: Reference `lem:asep' on page 29 undefined on input line 1957.


LaTeX Warning: Reference `lem:split' on page 29 undefined on input line 1957.


LaTeX Warning: Reference `lem:rebind' on page 29 undefined on input line 1957.


LaTeX Warning: Reference `thm:kernel' on page 29 undefined on input line 1958.


LaTeX Warning: Reference `thm:closed' on page 29 undefined on input line 1958.


LaTeX Warning: Reference `prop:twophase' on page 29 undefined on input line 195
8.


LaTeX Warning: Reference `prop:conc' on page 29 undefined on input line 1959.


LaTeX Warning: Reference `prop:orth' on page 29 undefined on input line 1960.


LaTeX Warning: Citation `CFG20' on page 29 undefined on input line 1960.


LaTeX Warning: Reference `lem:eps' on page 29 undefined on input line 1961.


LaTeX Warning: Reference `rem:orthstatus' on page 29 undefined on input line 19
62.


LaTeX Warning: Reference `thm:ewmain' on page 29 undefined on input line 1962.


LaTeX Warning: Reference `prop:decouple' on page 29 undefined on input line 196
4.


LaTeX Warning: Citation `KL' on page 29 undefined on input line 1965.


LaTeX Warning: Reference `thm:marg' on page 29 undefined on input line 1966.


LaTeX Warning: Reference `prop:decouple' on page 29 undefined on input line 196
7.


LaTeX Warning: Reference `thm:cov' on page 29 undefined on input line 1967.


LaTeX Warning: Reference `lem:tridual' on page 29 undefined on input line 1969.



LaTeX Warning: Citation `REU' on page 29 undefined on input line 1969.


LaTeX Warning: Citation `REU' on page 29 undefined on input line 1970.


LaTeX Warning: Reference `conj:cov' on page 29 undefined on input line 1971.


LaTeX Warning: Reference `sec:phase' on page 29 undefined on input line 1971.

[29 <./cov_scaling_typeD.png> <./histogram_vs_tw_T33000.png> <./n2_vs_n13_vs_tw
_T20000.png>] [30]
Underfull \hbox (badness 1259) in paragraph at lines 2077--2079
[]\OT1/cmr/m/n/10.95 J. De Nardis, D. Bernard, B. Doyon, \OT1/cmr/m/it/10.95 Hy
-dro-dy-namic dif-fu-sion in in-te-grable sys-tems\OT1/cmr/m/n/10.95 ,
 []


Underfull \hbox (badness 3250) in paragraph at lines 2091--2093
[]\OT1/cmr/m/n/10.95 S. F. Ed-wards, D. R. Wilkin-son, \OT1/cmr/m/it/10.95 The 
sur-face statis-tics of a gran-u-lar ag-gre-gate\OT1/cmr/m/n/10.95 ,
 []

[31]
Underfull \hbox (badness 7012) in paragraph at lines 2169--2171
[]\OT1/cmr/m/n/10.95 G. F. Lawler, V. Limic, \OT1/cmr/m/it/10.95 Ran-dom Walk: 
A Mod-ern In-tro-duc-tion\OT1/cmr/m/n/10.95 , Cam-bridge
 []

[32] [33] [34] (./typeD_decoupling-arxiv-suggested.aux)
 ***********
LaTeX2e <2025-11-01>
L3 programming layer <2025-11-14>
 ***********


LaTeX Warning: There were undefined references.


LaTeX Warning: Label(s) may have changed. Rerun to get cross-references right.


Package rerunfilecheck Warning: File `typeD_decoupling-arxiv-suggested.out' has
 changed.
(rerunfilecheck)                Rerun to get outlines right
(rerunfilecheck)                or use package `bookmark'.

Package rerunfilecheck Info: Checksums for `typeD_decoupling-arxiv-suggested.ou
t':
(rerunfilecheck)             Before: <no file>
(rerunfilecheck)             After:  308CC109D4CFFA6E383B0ACED25A81E9;4632.
 ) 
Here is how much of TeX's memory you used:
 11431 strings out of 467538
 173595 string characters out of 5419545
 603338 words of memory out of 5000000
 39969 multiletter control sequences out of 15000+600000
 643778 words of font info for 100 fonts, out of 8000000 for 9000
 1141 hyphenation exceptions out of 8191
 75i,15n,79p,748b,599s stack positions out of 10000i,1000n,20000p,200000b,200000s
</usr/local/texlive/2025/texmf-dist/fonts/type1/public/amsfonts/cm/cmbx10.pfb
></usr/local/texlive/2025/texmf-dist/fonts/type1/public/amsfonts/cm/cmbx12.pfb>
</usr/local/texlive/2025/texmf-dist/fonts/type1/public/amsfonts/cm/cmex10.pfb><
/usr/local/texlive/2025/texmf-dist/fonts/type1/public/amsfonts/cm/cmmi10.pfb></
usr/local/texlive/2025/texmf-dist/fonts/type1/public/amsfonts/cm/cmmi12.pfb></u
sr/local/texlive/2025/texmf-dist/fonts/type1/public/amsfonts/cm/cmmi6.pfb></usr
/local/texlive/2025/texmf-dist/fonts/type1/public/amsfonts/cm/cmmi7.pfb></usr/l
ocal/texlive/2025/texmf-dist/fonts/type1/public/amsfonts/cm/cmmi8.pfb></usr/loc
al/texlive/2025/texmf-dist/fonts/type1/public/amsfonts/cm/cmr10.pfb></usr/local
/texlive/2025/texmf-dist/fonts/type1/public/amsfonts/cm/cmr12.pfb></usr/local/t
exlive/2025/texmf-dist/fonts/type1/public/amsfonts/cm/cmr6.pfb></usr/local/texl
ive/2025/texmf-dist/fonts/type1/public/amsfonts/cm/cmr7.pfb></usr/local/texlive
/2025/texmf-dist/fonts/type1/public/amsfonts/cm/cmr8.pfb></usr/local/texlive/20
25/texmf-dist/fonts/type1/public/amsfonts/cm/cmss8.pfb></usr/local/texlive/2025
/texmf-dist/fonts/type1/public/amsfonts/cm/cmsy10.pfb></usr/local/texlive/2025/
texmf-dist/fonts/type1/public/amsfonts/cm/cmsy6.pfb></usr/local/texlive/2025/te
xmf-dist/fonts/type1/public/amsfonts/cm/cmsy7.pfb></usr/local/texlive/2025/texm
f-dist/fonts/type1/public/amsfonts/cm/cmsy8.pfb></usr/local/texlive/2025/texmf-
dist/fonts/type1/public/amsfonts/cm/cmti10.pfb></usr/local/texlive/2025/texmf-d
ist/fonts/type1/public/amsfonts/cm/cmtt10.pfb></usr/local/texlive/2025/texmf-di
st/fonts/type1/public/amsfonts/euler/eufm10.pfb></usr/local/texlive/2025/texmf-
dist/fonts/type1/public/amsfonts/symbols/msam10.pfb></usr/local/texlive/2025/te
xmf-dist/fonts/type1/public/amsfonts/symbols/msbm10.pfb></usr/local/texlive/202
5/texmf-dist/fonts/type1/public/cm-super/sfrm1095.pfb></usr/local/texlive/2025/
texmf-dist/fonts/type1/public/cm-super/sfti1095.pfb>
Output written on typeD_decoupling-arxiv-suggested.pdf (34 pages, 908655 bytes)
.
PDF statistics:
 537 PDF objects out of 1000 (max. 8388607)
 437 compressed objects within 5 object streams
 232 named destinations out of 1000 (max. 500000)
 26 words of extra memory for PDF output out of 10000 (max. 10000000)

